I20170303-18:41:52.325(2)? Exception from sub friendlyUsers id zgTPmTP6j73TyuMXG TypeError: undefined is not a function
I20170303-18:41:52.325(2)?     at normalizeOptionsPerUser (imports/api/utils/index.js:15:24)
I20170303-18:41:52.326(2)?     at Subscription._handler (server/cf-social-server.js:21:13)
I20170303-18:41:52.326(2)?     at maybeAuditArgumentChecks (packages/ddp-server/livedata_server.js:1704:12)
I20170303-18:41:52.326(2)?     at Subscription._runHandler (packages/ddp-server/livedata_server.js:1026:17)
I20170303-18:41:52.326(2)?     at Session._startSubscription (packages/ddp-server/livedata_server.js:845:9)
I20170303-18:41:52.326(2)?     at Session.sub (packages/ddp-server/livedata_server.js:617:12)
I20170303-18:41:52.326(2)?     at packages/ddp-server/livedata_server.js:551:43
I20170303-18:41:52.329(2)? Exception from sub portfolioSystems id cMNpvXj7NGiEp7LPc TypeError: undefined is not a function
I20170303-18:41:52.329(2)?     at normalizeOptionsPerUser (imports/api/utils/index.js:15:24)
I20170303-18:41:52.329(2)?     at Subscription._handler (server/publications.js:323:13)
I20170303-18:41:52.329(2)?     at maybeAuditArgumentChecks (packages/ddp-server/livedata_server.js:1704:12)
I20170303-18:41:52.329(2)?     at Subscription._runHandler (packages/ddp-server/livedata_server.js:1026:17)
I20170303-18:41:52.329(2)?     at Session._startSubscription (packages/ddp-server/livedata_server.js:845:9)
I20170303-18:41:52.329(2)?     at Session.sub (packages/ddp-server/livedata_server.js:617:12)
I20170303-18:41:52.329(2)?     at packages/ddp-server/livedata_server.js:551:43
I20170303-18:41:52.330(2)? Exception from sub userProfile id 5aLd6RJzBLXrA6FzP TypeError: undefined is not a function
I20170303-18:41:52.330(2)?     at normalizeOptionsPerUser (imports/api/utils/index.js:15:24)
I20170303-18:41:52.330(2)?     at Subscription._handler (server/publications.js:259:13)
I20170303-18:41:52.330(2)?     at maybeAuditArgumentChecks (packages/ddp-server/livedata_server.js:1704:12)
I20170303-18:41:52.330(2)?     at Subscription._runHandler (packages/ddp-server/livedata_server.js:1026:17)
I20170303-18:41:52.330(2)?     at Session._startSubscription (packages/ddp-server/livedata_server.js:845:9)
I20170303-18:41:52.330(2)?     at Session.sub (packages/ddp-server/livedata_server.js:617:12)
I20170303-18:41:52.330(2)?     at packages/ddp-server/livedata_server.js:551:43
I20170303-18:41:52.330(2)? Exception while invoking method 'cfAssetsUpdateBalances' TypeError: undefined is not a function
I20170303-18:41:52.331(2)?     at normalizeOptionsPerUser (imports/api/utils/index.js:15:24)
I20170303-18:41:52.331(2)?     at [object Object].cfAssetsUpdateBalances (imports/api/cf/accounts/accounts.js:27:15)
I20170303-18:41:52.331(2)?     at maybeAuditArgumentChecks (packages/ddp-server/livedata_server.js:1704:12)
I20170303-18:41:52.331(2)?     at packages/ddp-server/livedata_server.js:711:19
I20170303-18:41:52.331(2)?     at [object Object]._.extend.withValue (packages/meteor/dynamics_nodejs.js:56:1)
I20170303-18:41:52.331(2)?     at packages/ddp-server/livedata_server.js:709:40
I20170303-18:41:52.331(2)?     at [object Object]._.extend.withValue (packages/meteor/dynamics_nodejs.js:56:1)
I20170303-18:41:52.331(2)?     at packages/ddp-server/livedata_server.js:707:46
I20170303-18:41:52.332(2)?     at tryCallTwo (/Users/angelo/.meteor/packages/promise/.0.6.7.36lfjb++os+web.browser+web.cordova/npm/node_modules/meteor-promise/node_modules/promise/lib/core.js:45:5)
I20170303-18:41:52.332(2)?     at doResolve (/Users/angelo/.meteor/packages/promise/.0.6.7.36lfjb++os+web.browser+web.cordova/npm/node_modules/meteor-promise/node_modules/promise/lib/core.js:200:13)
